Determining if the _aligned_malloc exist failed with the following output:
Change Dir: /share-data/vulDataset/SecretPatch-master/projects/openjpeg/CVE-2016-10504_opj_tcd_code_block_enc_allocate_data_O3_bcf_arm/CMakeFiles/CMakeTmp

Run Build Command:"/usr/bin/make" "cmTC_d090e/fast"
/usr/bin/make -f CMakeFiles/cmTC_d090e.dir/build.make CMakeFiles/cmTC_d090e.dir/build
make[1]: Entering directory '/share-data/vulDataset/SecretPatch-master/projects/openjpeg/CVE-2016-10504_opj_tcd_code_block_enc_allocate_data_O3_bcf_arm/CMakeFiles/CMakeTmp'
Building C object CMakeFiles/cmTC_d090e.dir/CheckSymbolExists.c.o
/share-data/obfuscator-llvm-4.0/build/bin/clang   -O3 -fno-inline-functions -mllvm -bcf    -o CMakeFiles/cmTC_d090e.dir/CheckSymbolExists.c.o   -c /share-data/vulDataset/SecretPatch-master/projects/openjpeg/CVE-2016-10504_opj_tcd_code_block_enc_allocate_data_O3_bcf_arm/CMakeFiles/CMakeTmp/CheckSymbolExists.c
/share-data/vulDataset/SecretPatch-master/projects/openjpeg/CVE-2016-10504_opj_tcd_code_block_enc_allocate_data_O3_bcf_arm/CMakeFiles/CMakeTmp/CheckSymbolExists.c:8:19: error: use of undeclared identifier '_aligned_malloc'
  return ((int*)(&_aligned_malloc))[argc];
                  ^
1 error generated.
CMakeFiles/cmTC_d090e.dir/build.make:65: recipe for target 'CMakeFiles/cmTC_d090e.dir/CheckSymbolExists.c.o' failed
make[1]: *** [CMakeFiles/cmTC_d090e.dir/CheckSymbolExists.c.o] Error 1
make[1]: Leaving directory '/share-data/vulDataset/SecretPatch-master/projects/openjpeg/CVE-2016-10504_opj_tcd_code_block_enc_allocate_data_O3_bcf_arm/CMakeFiles/CMakeTmp'
Makefile:126: recipe for target 'cmTC_d090e/fast' failed
make: *** [cmTC_d090e/fast] Error 2

File /share-data/vulDataset/SecretPatch-master/projects/openjpeg/CVE-2016-10504_opj_tcd_code_block_enc_allocate_data_O3_bcf_arm/CMakeFiles/CMakeTmp/CheckSymbolExists.c:
/* */
#include <malloc.h>

int main(int argc, char** argv)
{
  (void)argv;
#ifndef _aligned_malloc
  return ((int*)(&_aligned_malloc))[argc];
#else
  (void)argc;
  return 0;
#endif
}

Determining if the pthread_create exist failed with the following output:
Change Dir: /share-data/vulDataset/SecretPatch-master/projects/openjpeg/CVE-2016-10504_opj_tcd_code_block_enc_allocate_data_O3_bcf_arm/CMakeFiles/CMakeTmp

Run Build Command:"/usr/bin/make" "cmTC_a862e/fast"
/usr/bin/make -f CMakeFiles/cmTC_a862e.dir/build.make CMakeFiles/cmTC_a862e.dir/build
make[1]: Entering directory '/share-data/vulDataset/SecretPatch-master/projects/openjpeg/CVE-2016-10504_opj_tcd_code_block_enc_allocate_data_O3_bcf_arm/CMakeFiles/CMakeTmp'
Building C object CMakeFiles/cmTC_a862e.dir/CheckSymbolExists.c.o
/share-data/obfuscator-llvm-4.0/build/bin/clang   -O3 -fno-inline-functions -mllvm -bcf    -o CMakeFiles/cmTC_a862e.dir/CheckSymbolExists.c.o   -c /share-data/vulDataset/SecretPatch-master/projects/openjpeg/CVE-2016-10504_opj_tcd_code_block_enc_allocate_data_O3_bcf_arm/CMakeFiles/CMakeTmp/CheckSymbolExists.c
Linking C executable cmTC_a862e
/usr/bin/cmake -E cmake_link_script CMakeFiles/cmTC_a862e.dir/link.txt --verbose=1
/share-data/obfuscator-llvm-4.0/build/bin/clang -O3 -fno-inline-functions -mllvm -bcf     -rdynamic CMakeFiles/cmTC_a862e.dir/CheckSymbolExists.c.o  -o cmTC_a862e 
clang-4.0: warning: argument unused during compilation: '-mllvm -bcf' [-Wunused-command-line-argument]
CMakeFiles/cmTC_a862e.dir/CheckSymbolExists.c.o: In function `main':
/share-data/vulDataset/SecretPatch-master/projects/openjpeg/CVE-2016-10504_opj_tcd_code_block_enc_allocate_data_O3_bcf_arm/CMakeFiles/CMakeTmp/CheckSymbolExists.c:(.text+0x6): undefined reference to `pthread_create'
clang-4.0: error: linker command failed with exit code 1 (use -v to see invocation)
CMakeFiles/cmTC_a862e.dir/build.make:97: recipe for target 'cmTC_a862e' failed
make[1]: *** [cmTC_a862e] Error 1
make[1]: Leaving directory '/share-data/vulDataset/SecretPatch-master/projects/openjpeg/CVE-2016-10504_opj_tcd_code_block_enc_allocate_data_O3_bcf_arm/CMakeFiles/CMakeTmp'
Makefile:126: recipe for target 'cmTC_a862e/fast' failed
make: *** [cmTC_a862e/fast] Error 2

File /share-data/vulDataset/SecretPatch-master/projects/openjpeg/CVE-2016-10504_opj_tcd_code_block_enc_allocate_data_O3_bcf_arm/CMakeFiles/CMakeTmp/CheckSymbolExists.c:
/* */
#include <pthread.h>

int main(int argc, char** argv)
{
  (void)argv;
#ifndef pthread_create
  return ((int*)(&pthread_create))[argc];
#else
  (void)argc;
  return 0;
#endif
}

Determining if the function pthread_create exists in the pthreads failed with the following output:
Change Dir: /share-data/vulDataset/SecretPatch-master/projects/openjpeg/CVE-2016-10504_opj_tcd_code_block_enc_allocate_data_O3_bcf_arm/CMakeFiles/CMakeTmp

Run Build Command:"/usr/bin/make" "cmTC_47d00/fast"
/usr/bin/make -f CMakeFiles/cmTC_47d00.dir/build.make CMakeFiles/cmTC_47d00.dir/build
make[1]: Entering directory '/share-data/vulDataset/SecretPatch-master/projects/openjpeg/CVE-2016-10504_opj_tcd_code_block_enc_allocate_data_O3_bcf_arm/CMakeFiles/CMakeTmp'
Building C object CMakeFiles/cmTC_47d00.dir/CheckFunctionExists.c.o
/share-data/obfuscator-llvm-4.0/build/bin/clang   -O3 -fno-inline-functions -mllvm -bcf -DCHECK_FUNCTION_EXISTS=pthread_create   -o CMakeFiles/cmTC_47d00.dir/CheckFunctionExists.c.o   -c /usr/share/cmake-3.10/Modules/CheckFunctionExists.c
Linking C executable cmTC_47d00
/usr/bin/cmake -E cmake_link_script CMakeFiles/cmTC_47d00.dir/link.txt --verbose=1
/share-data/obfuscator-llvm-4.0/build/bin/clang -O3 -fno-inline-functions -mllvm -bcf -DCHECK_FUNCTION_EXISTS=pthread_create    -rdynamic CMakeFiles/cmTC_47d00.dir/CheckFunctionExists.c.o  -o cmTC_47d00 -lpthreads 
clang-4.0: warning: argument unused during compilation: '-mllvm -bcf' [-Wunused-command-line-argument]
/usr/bin/ld: cannot find -lpthreads
clang-4.0: error: linker command failed with exit code 1 (use -v to see invocation)
CMakeFiles/cmTC_47d00.dir/build.make:97: recipe for target 'cmTC_47d00' failed
make[1]: *** [cmTC_47d00] Error 1
make[1]: Leaving directory '/share-data/vulDataset/SecretPatch-master/projects/openjpeg/CVE-2016-10504_opj_tcd_code_block_enc_allocate_data_O3_bcf_arm/CMakeFiles/CMakeTmp'
Makefile:126: recipe for target 'cmTC_47d00/fast' failed
make: *** [cmTC_47d00/fast] Error 2


