Determining if the pthread_create exist failed with the following output:
Change Dir: /share-data/vulDataset/SecretPatch-master/projects/libgit2/CVE-2018-10888_git_delta_apply_O3_arm/CMakeFiles/CMakeTmp

Run Build Command:"/usr/bin/make" "cmTC_150a7/fast"
/usr/bin/make -f CMakeFiles/cmTC_150a7.dir/build.make CMakeFiles/cmTC_150a7.dir/build
make[1]: Entering directory '/share-data/vulDataset/SecretPatch-master/projects/libgit2/CVE-2018-10888_git_delta_apply_O3_arm/CMakeFiles/CMakeTmp'
Building C object CMakeFiles/cmTC_150a7.dir/CheckSymbolExists.c.o
/share-data/obfuscator-llvm-4.0/build/bin/clang   -O3 -fno-inline-functions  --target=aarch64-linux-gnu -I/usr/aarch64-linux-gnu/include    -o CMakeFiles/cmTC_150a7.dir/CheckSymbolExists.c.o   -c /share-data/vulDataset/SecretPatch-master/projects/libgit2/CVE-2018-10888_git_delta_apply_O3_arm/CMakeFiles/CMakeTmp/CheckSymbolExists.c
In file included from /share-data/vulDataset/SecretPatch-master/projects/libgit2/CVE-2018-10888_git_delta_apply_O3_arm/CMakeFiles/CMakeTmp/CheckSymbolExists.c:2:
/usr/aarch64-linux-gnu/include/pthread.h:744:12: warning: declaration of built-in function '__sigsetjmp' requires inclusion of the header <setjmp.h> [-Wbuiltin-requires-header]
extern int __sigsetjmp (struct __jmp_buf_tag *__env, int __savemask) __THROWNL;
           ^
1 warning generated.
Linking C executable cmTC_150a7
/opt/cmake-3.13.4/bin/cmake -E cmake_link_script CMakeFiles/cmTC_150a7.dir/link.txt --verbose=1
/share-data/obfuscator-llvm-4.0/build/bin/clang -O3 -fno-inline-functions  --target=aarch64-linux-gnu -I/usr/aarch64-linux-gnu/include     -rdynamic CMakeFiles/cmTC_150a7.dir/CheckSymbolExists.c.o  -o cmTC_150a7 
CMakeFiles/cmTC_150a7.dir/CheckSymbolExists.c.o: In function `main':
/share-data/vulDataset/SecretPatch-master/projects/libgit2/CVE-2018-10888_git_delta_apply_O3_arm/CMakeFiles/CMakeTmp/CheckSymbolExists.c:(.text+0x0): undefined reference to `pthread_create'
/share-data/vulDataset/SecretPatch-master/projects/libgit2/CVE-2018-10888_git_delta_apply_O3_arm/CMakeFiles/CMakeTmp/CheckSymbolExists.c:(.text+0x4): undefined reference to `pthread_create'
clang-4.0: error: linker command failed with exit code 1 (use -v to see invocation)
CMakeFiles/cmTC_150a7.dir/build.make:86: recipe for target 'cmTC_150a7' failed
make[1]: *** [cmTC_150a7] Error 1
make[1]: Leaving directory '/share-data/vulDataset/SecretPatch-master/projects/libgit2/CVE-2018-10888_git_delta_apply_O3_arm/CMakeFiles/CMakeTmp'
Makefile:121: recipe for target 'cmTC_150a7/fast' failed
make: *** [cmTC_150a7/fast] Error 2

File /share-data/vulDataset/SecretPatch-master/projects/libgit2/CVE-2018-10888_git_delta_apply_O3_arm/CMakeFiles/CMakeTmp/CheckSymbolExists.c:
/* */
#include <pthread.h>

int main(int argc, char** argv)
{
  (void)argv;
#ifndef pthread_create
  return ((int*)(&pthread_create))[argc];
#else
  (void)argc;
  return 0;
#endif
}

Performing C SOURCE FILE Test HAVE_STRUCT_STAT_ST_MTIMESPEC failed with the following output:
Change Dir: /share-data/vulDataset/SecretPatch-master/projects/libgit2/CVE-2018-10888_git_delta_apply_O3_arm/CMakeFiles/CMakeTmp

Run Build Command:"/usr/bin/make" "cmTC_43187/fast"
/usr/bin/make -f CMakeFiles/cmTC_43187.dir/build.make CMakeFiles/cmTC_43187.dir/build
make[1]: Entering directory '/share-data/vulDataset/SecretPatch-master/projects/libgit2/CVE-2018-10888_git_delta_apply_O3_arm/CMakeFiles/CMakeTmp'
Building C object CMakeFiles/cmTC_43187.dir/src.c.o
/share-data/obfuscator-llvm-4.0/build/bin/clang   -O3 -fno-inline-functions  --target=aarch64-linux-gnu -I/usr/aarch64-linux-gnu/include -DHAVE_STRUCT_STAT_ST_MTIMESPEC   -o CMakeFiles/cmTC_43187.dir/src.c.o   -c /share-data/vulDataset/SecretPatch-master/projects/libgit2/CVE-2018-10888_git_delta_apply_O3_arm/CMakeFiles/CMakeTmp/src.c
/share-data/vulDataset/SecretPatch-master/projects/libgit2/CVE-2018-10888_git_delta_apply_O3_arm/CMakeFiles/CMakeTmp/src.c:7:37: error: no member named 'st_mtimespec' in 'struct stat'
   (void)sizeof(((struct stat *)0)->st_mtimespec);
                ~~~~~~~~~~~~~~~~~~  ^
1 error generated.
CMakeFiles/cmTC_43187.dir/build.make:65: recipe for target 'CMakeFiles/cmTC_43187.dir/src.c.o' failed
make[1]: *** [CMakeFiles/cmTC_43187.dir/src.c.o] Error 1
make[1]: Leaving directory '/share-data/vulDataset/SecretPatch-master/projects/libgit2/CVE-2018-10888_git_delta_apply_O3_arm/CMakeFiles/CMakeTmp'
Makefile:121: recipe for target 'cmTC_43187/fast' failed
make: *** [cmTC_43187/fast] Error 2

Source file was:

#include <sys/types.h>
#include <sys/stat.h>

int main()
{
   (void)sizeof(((struct stat *)0)->st_mtimespec);
   return 0;
}

Performing C SOURCE FILE Test HAVE_STRUCT_STAT_MTIME_NSEC failed with the following output:
Change Dir: /share-data/vulDataset/SecretPatch-master/projects/libgit2/CVE-2018-10888_git_delta_apply_O3_arm/CMakeFiles/CMakeTmp

Run Build Command:"/usr/bin/make" "cmTC_cae55/fast"
/usr/bin/make -f CMakeFiles/cmTC_cae55.dir/build.make CMakeFiles/cmTC_cae55.dir/build
make[1]: Entering directory '/share-data/vulDataset/SecretPatch-master/projects/libgit2/CVE-2018-10888_git_delta_apply_O3_arm/CMakeFiles/CMakeTmp'
Building C object CMakeFiles/cmTC_cae55.dir/src.c.o
/share-data/obfuscator-llvm-4.0/build/bin/clang   -O3 -fno-inline-functions  --target=aarch64-linux-gnu -I/usr/aarch64-linux-gnu/include -DHAVE_STRUCT_STAT_MTIME_NSEC   -o CMakeFiles/cmTC_cae55.dir/src.c.o   -c /share-data/vulDataset/SecretPatch-master/projects/libgit2/CVE-2018-10888_git_delta_apply_O3_arm/CMakeFiles/CMakeTmp/src.c
/share-data/vulDataset/SecretPatch-master/projects/libgit2/CVE-2018-10888_git_delta_apply_O3_arm/CMakeFiles/CMakeTmp/src.c:6:37: error: no member named 'st_mtime_nsec' in 'struct stat'
   (void)sizeof(((struct stat *)0)->st_mtime_nsec);
                ~~~~~~~~~~~~~~~~~~  ^
1 error generated.
CMakeFiles/cmTC_cae55.dir/build.make:65: recipe for target 'CMakeFiles/cmTC_cae55.dir/src.c.o' failed
make[1]: *** [CMakeFiles/cmTC_cae55.dir/src.c.o] Error 1
make[1]: Leaving directory '/share-data/vulDataset/SecretPatch-master/projects/libgit2/CVE-2018-10888_git_delta_apply_O3_arm/CMakeFiles/CMakeTmp'
Makefile:121: recipe for target 'cmTC_cae55/fast' failed
make: *** [cmTC_cae55/fast] Error 2

Source file was:

#include <sys/stat.h>

int main()
{
   (void)sizeof(((struct stat *)0)->st_mtime_nsec);
   return 0;
}

Determining if the regcomp_l exist failed with the following output:
Change Dir: /share-data/vulDataset/SecretPatch-master/projects/libgit2/CVE-2018-10888_git_delta_apply_O3_arm/CMakeFiles/CMakeTmp

Run Build Command:"/usr/bin/make" "cmTC_a07b3/fast"
/usr/bin/make -f CMakeFiles/cmTC_a07b3.dir/build.make CMakeFiles/cmTC_a07b3.dir/build
make[1]: Entering directory '/share-data/vulDataset/SecretPatch-master/projects/libgit2/CVE-2018-10888_git_delta_apply_O3_arm/CMakeFiles/CMakeTmp'
Building C object CMakeFiles/cmTC_a07b3.dir/CheckSymbolExists.c.o
/share-data/obfuscator-llvm-4.0/build/bin/clang   -D_GNU_SOURCE -O3 -fno-inline-functions  --target=aarch64-linux-gnu -I/usr/aarch64-linux-gnu/include -Wall -Wextra -fvisibility=hidden -fPIC -Wdocumentation -Wno-missing-field-initializers -Wstrict-aliasing -Wstrict-prototypes -Wdeclaration-after-statement -Wshift-count-overflow -Wno-unused-const-variable -Wno-unused-function    -o CMakeFiles/cmTC_a07b3.dir/CheckSymbolExists.c.o   -c /share-data/vulDataset/SecretPatch-master/projects/libgit2/CVE-2018-10888_git_delta_apply_O3_arm/CMakeFiles/CMakeTmp/CheckSymbolExists.c
/share-data/vulDataset/SecretPatch-master/projects/libgit2/CVE-2018-10888_git_delta_apply_O3_arm/CMakeFiles/CMakeTmp/CheckSymbolExists.c:3:10: fatal error: 'xlocale.h' file not found
#include <xlocale.h>
         ^~~~~~~~~~~
1 error generated.
CMakeFiles/cmTC_a07b3.dir/build.make:65: recipe for target 'CMakeFiles/cmTC_a07b3.dir/CheckSymbolExists.c.o' failed
make[1]: *** [CMakeFiles/cmTC_a07b3.dir/CheckSymbolExists.c.o] Error 1
make[1]: Leaving directory '/share-data/vulDataset/SecretPatch-master/projects/libgit2/CVE-2018-10888_git_delta_apply_O3_arm/CMakeFiles/CMakeTmp'
Makefile:121: recipe for target 'cmTC_a07b3/fast' failed
make: *** [cmTC_a07b3/fast] Error 2

File /share-data/vulDataset/SecretPatch-master/projects/libgit2/CVE-2018-10888_git_delta_apply_O3_arm/CMakeFiles/CMakeTmp/CheckSymbolExists.c:
/* */
#include <regex.h>
#include <xlocale.h>

int main(int argc, char** argv)
{
  (void)argv;
#ifndef regcomp_l
  return ((int*)(&regcomp_l))[argc];
#else
  (void)argc;
  return 0;
#endif
}

Determining if the function qsort_s exists failed with the following output:
Change Dir: /share-data/vulDataset/SecretPatch-master/projects/libgit2/CVE-2018-10888_git_delta_apply_O3_arm/CMakeFiles/CMakeTmp

Run Build Command:"/usr/bin/make" "cmTC_ce626/fast"
/usr/bin/make -f CMakeFiles/cmTC_ce626.dir/build.make CMakeFiles/cmTC_ce626.dir/build
make[1]: Entering directory '/share-data/vulDataset/SecretPatch-master/projects/libgit2/CVE-2018-10888_git_delta_apply_O3_arm/CMakeFiles/CMakeTmp'
Building C object CMakeFiles/cmTC_ce626.dir/CheckFunctionExists.c.o
/share-data/obfuscator-llvm-4.0/build/bin/clang   -D_GNU_SOURCE -O3 -fno-inline-functions  --target=aarch64-linux-gnu -I/usr/aarch64-linux-gnu/include -Wall -Wextra -fvisibility=hidden -fPIC -Wdocumentation -Wno-missing-field-initializers -Wstrict-aliasing -Wstrict-prototypes -Wdeclaration-after-statement -Wshift-count-overflow -Wno-unused-const-variable -Wno-unused-function -DCHECK_FUNCTION_EXISTS=qsort_s   -o CMakeFiles/cmTC_ce626.dir/CheckFunctionExists.c.o   -c /opt/cmake-3.13.4/share/cmake-3.13/Modules/CheckFunctionExists.c
Linking C executable cmTC_ce626
/opt/cmake-3.13.4/bin/cmake -E cmake_link_script CMakeFiles/cmTC_ce626.dir/link.txt --verbose=1
/share-data/obfuscator-llvm-4.0/build/bin/clang -D_GNU_SOURCE -O3 -fno-inline-functions  --target=aarch64-linux-gnu -I/usr/aarch64-linux-gnu/include -Wall -Wextra -fvisibility=hidden -fPIC -Wdocumentation -Wno-missing-field-initializers -Wstrict-aliasing -Wstrict-prototypes -Wdeclaration-after-statement -Wshift-count-overflow -Wno-unused-const-variable -Wno-unused-function -DCHECK_FUNCTION_EXISTS=qsort_s    -rdynamic CMakeFiles/cmTC_ce626.dir/CheckFunctionExists.c.o  -o cmTC_ce626 
CMakeFiles/cmTC_ce626.dir/CheckFunctionExists.c.o: In function `main':
/opt/cmake-3.13.4/share/cmake-3.13/Modules/CheckFunctionExists.c:(.text+0x14): undefined reference to `qsort_s'
clang-4.0: error: linker command failed with exit code 1 (use -v to see invocation)
CMakeFiles/cmTC_ce626.dir/build.make:86: recipe for target 'cmTC_ce626' failed
make[1]: *** [cmTC_ce626] Error 1
make[1]: Leaving directory '/share-data/vulDataset/SecretPatch-master/projects/libgit2/CVE-2018-10888_git_delta_apply_O3_arm/CMakeFiles/CMakeTmp'
Makefile:121: recipe for target 'cmTC_ce626/fast' failed
make: *** [cmTC_ce626/fast] Error 2


