Determining if the pthread_create exist failed with the following output:
Change Dir: /share-data/vulDataset/SecretPatch-master/projects/libgit2/CVE-2018-10888_git_delta_apply_O3_sub/CMakeFiles/CMakeTmp

Run Build Command:"/usr/bin/make" "cmTC_d41ee/fast"
/usr/bin/make -f CMakeFiles/cmTC_d41ee.dir/build.make CMakeFiles/cmTC_d41ee.dir/build
make[1]: Entering directory '/share-data/vulDataset/SecretPatch-master/projects/libgit2/CVE-2018-10888_git_delta_apply_O3_sub/CMakeFiles/CMakeTmp'
Building C object CMakeFiles/cmTC_d41ee.dir/CheckSymbolExists.c.o
/share-data/obfuscator-llvm-4.0/build/bin/clang   -O3 -fno-inline-functions -mllvm -sub    -o CMakeFiles/cmTC_d41ee.dir/CheckSymbolExists.c.o   -c /share-data/vulDataset/SecretPatch-master/projects/libgit2/CVE-2018-10888_git_delta_apply_O3_sub/CMakeFiles/CMakeTmp/CheckSymbolExists.c
Linking C executable cmTC_d41ee
/opt/cmake-3.13.4/bin/cmake -E cmake_link_script CMakeFiles/cmTC_d41ee.dir/link.txt --verbose=1
/share-data/obfuscator-llvm-4.0/build/bin/clang -O3 -fno-inline-functions -mllvm -sub     -rdynamic CMakeFiles/cmTC_d41ee.dir/CheckSymbolExists.c.o  -o cmTC_d41ee 
clang-4.0: warning: argument unused during compilation: '-mllvm -sub' [-Wunused-command-line-argument]
CMakeFiles/cmTC_d41ee.dir/CheckSymbolExists.c.o: In function `main':
/share-data/vulDataset/SecretPatch-master/projects/libgit2/CVE-2018-10888_git_delta_apply_O3_sub/CMakeFiles/CMakeTmp/CheckSymbolExists.c:(.text+0x6): undefined reference to `pthread_create'
clang-4.0: error: linker command failed with exit code 1 (use -v to see invocation)
CMakeFiles/cmTC_d41ee.dir/build.make:86: recipe for target 'cmTC_d41ee' failed
make[1]: *** [cmTC_d41ee] Error 1
make[1]: Leaving directory '/share-data/vulDataset/SecretPatch-master/projects/libgit2/CVE-2018-10888_git_delta_apply_O3_sub/CMakeFiles/CMakeTmp'
Makefile:121: recipe for target 'cmTC_d41ee/fast' failed
make: *** [cmTC_d41ee/fast] Error 2

File /share-data/vulDataset/SecretPatch-master/projects/libgit2/CVE-2018-10888_git_delta_apply_O3_sub/CMakeFiles/CMakeTmp/CheckSymbolExists.c:
/* */
#include <pthread.h>

int main(int argc, char** argv)
{
  (void)argv;
#ifndef pthread_create
  return ((int*)(&pthread_create))[argc];
#else
  (void)argc;
  return 0;
#endif
}

Determining if the function pthread_create exists in the pthreads failed with the following output:
Change Dir: /share-data/vulDataset/SecretPatch-master/projects/libgit2/CVE-2018-10888_git_delta_apply_O3_sub/CMakeFiles/CMakeTmp

Run Build Command:"/usr/bin/make" "cmTC_eb34d/fast"
/usr/bin/make -f CMakeFiles/cmTC_eb34d.dir/build.make CMakeFiles/cmTC_eb34d.dir/build
make[1]: Entering directory '/share-data/vulDataset/SecretPatch-master/projects/libgit2/CVE-2018-10888_git_delta_apply_O3_sub/CMakeFiles/CMakeTmp'
Building C object CMakeFiles/cmTC_eb34d.dir/CheckFunctionExists.c.o
/share-data/obfuscator-llvm-4.0/build/bin/clang   -O3 -fno-inline-functions -mllvm -sub -DCHECK_FUNCTION_EXISTS=pthread_create   -o CMakeFiles/cmTC_eb34d.dir/CheckFunctionExists.c.o   -c /opt/cmake-3.13.4/share/cmake-3.13/Modules/CheckFunctionExists.c
Linking C executable cmTC_eb34d
/opt/cmake-3.13.4/bin/cmake -E cmake_link_script CMakeFiles/cmTC_eb34d.dir/link.txt --verbose=1
/share-data/obfuscator-llvm-4.0/build/bin/clang -O3 -fno-inline-functions -mllvm -sub -DCHECK_FUNCTION_EXISTS=pthread_create    -rdynamic CMakeFiles/cmTC_eb34d.dir/CheckFunctionExists.c.o  -o cmTC_eb34d -lpthreads 
clang-4.0: warning: argument unused during compilation: '-mllvm -sub' [-Wunused-command-line-argument]
/usr/bin/ld: cannot find -lpthreads
clang-4.0: error: linker command failed with exit code 1 (use -v to see invocation)
CMakeFiles/cmTC_eb34d.dir/build.make:86: recipe for target 'cmTC_eb34d' failed
make[1]: *** [cmTC_eb34d] Error 1
make[1]: Leaving directory '/share-data/vulDataset/SecretPatch-master/projects/libgit2/CVE-2018-10888_git_delta_apply_O3_sub/CMakeFiles/CMakeTmp'
Makefile:121: recipe for target 'cmTC_eb34d/fast' failed
make: *** [cmTC_eb34d/fast] Error 2


Performing C SOURCE FILE Test HAVE_STRUCT_STAT_ST_MTIMESPEC failed with the following output:
Change Dir: /share-data/vulDataset/SecretPatch-master/projects/libgit2/CVE-2018-10888_git_delta_apply_O3_sub/CMakeFiles/CMakeTmp

Run Build Command:"/usr/bin/make" "cmTC_154a2/fast"
/usr/bin/make -f CMakeFiles/cmTC_154a2.dir/build.make CMakeFiles/cmTC_154a2.dir/build
make[1]: Entering directory '/share-data/vulDataset/SecretPatch-master/projects/libgit2/CVE-2018-10888_git_delta_apply_O3_sub/CMakeFiles/CMakeTmp'
Building C object CMakeFiles/cmTC_154a2.dir/src.c.o
/share-data/obfuscator-llvm-4.0/build/bin/clang   -O3 -fno-inline-functions -mllvm -sub -DHAVE_STRUCT_STAT_ST_MTIMESPEC   -o CMakeFiles/cmTC_154a2.dir/src.c.o   -c /share-data/vulDataset/SecretPatch-master/projects/libgit2/CVE-2018-10888_git_delta_apply_O3_sub/CMakeFiles/CMakeTmp/src.c
/share-data/vulDataset/SecretPatch-master/projects/libgit2/CVE-2018-10888_git_delta_apply_O3_sub/CMakeFiles/CMakeTmp/src.c:7:37: error: no member named 'st_mtimespec' in 'struct stat'
   (void)sizeof(((struct stat *)0)->st_mtimespec);
                ~~~~~~~~~~~~~~~~~~  ^
1 error generated.
CMakeFiles/cmTC_154a2.dir/build.make:65: recipe for target 'CMakeFiles/cmTC_154a2.dir/src.c.o' failed
make[1]: *** [CMakeFiles/cmTC_154a2.dir/src.c.o] Error 1
make[1]: Leaving directory '/share-data/vulDataset/SecretPatch-master/projects/libgit2/CVE-2018-10888_git_delta_apply_O3_sub/CMakeFiles/CMakeTmp'
Makefile:121: recipe for target 'cmTC_154a2/fast' failed
make: *** [cmTC_154a2/fast] Error 2

Source file was:

#include <sys/types.h>
#include <sys/stat.h>

int main()
{
   (void)sizeof(((struct stat *)0)->st_mtimespec);
   return 0;
}

Performing C SOURCE FILE Test HAVE_STRUCT_STAT_MTIME_NSEC failed with the following output:
Change Dir: /share-data/vulDataset/SecretPatch-master/projects/libgit2/CVE-2018-10888_git_delta_apply_O3_sub/CMakeFiles/CMakeTmp

Run Build Command:"/usr/bin/make" "cmTC_a1092/fast"
/usr/bin/make -f CMakeFiles/cmTC_a1092.dir/build.make CMakeFiles/cmTC_a1092.dir/build
make[1]: Entering directory '/share-data/vulDataset/SecretPatch-master/projects/libgit2/CVE-2018-10888_git_delta_apply_O3_sub/CMakeFiles/CMakeTmp'
Building C object CMakeFiles/cmTC_a1092.dir/src.c.o
/share-data/obfuscator-llvm-4.0/build/bin/clang   -O3 -fno-inline-functions -mllvm -sub -DHAVE_STRUCT_STAT_MTIME_NSEC   -o CMakeFiles/cmTC_a1092.dir/src.c.o   -c /share-data/vulDataset/SecretPatch-master/projects/libgit2/CVE-2018-10888_git_delta_apply_O3_sub/CMakeFiles/CMakeTmp/src.c
/share-data/vulDataset/SecretPatch-master/projects/libgit2/CVE-2018-10888_git_delta_apply_O3_sub/CMakeFiles/CMakeTmp/src.c:6:37: error: no member named 'st_mtime_nsec' in 'struct stat'
   (void)sizeof(((struct stat *)0)->st_mtime_nsec);
                ~~~~~~~~~~~~~~~~~~  ^
1 error generated.
CMakeFiles/cmTC_a1092.dir/build.make:65: recipe for target 'CMakeFiles/cmTC_a1092.dir/src.c.o' failed
make[1]: *** [CMakeFiles/cmTC_a1092.dir/src.c.o] Error 1
make[1]: Leaving directory '/share-data/vulDataset/SecretPatch-master/projects/libgit2/CVE-2018-10888_git_delta_apply_O3_sub/CMakeFiles/CMakeTmp'
Makefile:121: recipe for target 'cmTC_a1092/fast' failed
make: *** [cmTC_a1092/fast] Error 2

Source file was:

#include <sys/stat.h>

int main()
{
   (void)sizeof(((struct stat *)0)->st_mtime_nsec);
   return 0;
}

Determining if the regcomp_l exist failed with the following output:
Change Dir: /share-data/vulDataset/SecretPatch-master/projects/libgit2/CVE-2018-10888_git_delta_apply_O3_sub/CMakeFiles/CMakeTmp

Run Build Command:"/usr/bin/make" "cmTC_2995f/fast"
/usr/bin/make -f CMakeFiles/cmTC_2995f.dir/build.make CMakeFiles/cmTC_2995f.dir/build
make[1]: Entering directory '/share-data/vulDataset/SecretPatch-master/projects/libgit2/CVE-2018-10888_git_delta_apply_O3_sub/CMakeFiles/CMakeTmp'
Building C object CMakeFiles/cmTC_2995f.dir/CheckSymbolExists.c.o
/share-data/obfuscator-llvm-4.0/build/bin/clang   -D_GNU_SOURCE -O3 -fno-inline-functions -mllvm -sub -Wall -Wextra -fvisibility=hidden -fPIC -Wdocumentation -Wno-missing-field-initializers -Wstrict-aliasing -Wstrict-prototypes -Wdeclaration-after-statement -Wshift-count-overflow -Wno-unused-const-variable -Wno-unused-function    -o CMakeFiles/cmTC_2995f.dir/CheckSymbolExists.c.o   -c /share-data/vulDataset/SecretPatch-master/projects/libgit2/CVE-2018-10888_git_delta_apply_O3_sub/CMakeFiles/CMakeTmp/CheckSymbolExists.c
/share-data/vulDataset/SecretPatch-master/projects/libgit2/CVE-2018-10888_git_delta_apply_O3_sub/CMakeFiles/CMakeTmp/CheckSymbolExists.c:3:10: fatal error: 'xlocale.h' file not found
#include <xlocale.h>
         ^~~~~~~~~~~
1 error generated.
CMakeFiles/cmTC_2995f.dir/build.make:65: recipe for target 'CMakeFiles/cmTC_2995f.dir/CheckSymbolExists.c.o' failed
make[1]: *** [CMakeFiles/cmTC_2995f.dir/CheckSymbolExists.c.o] Error 1
make[1]: Leaving directory '/share-data/vulDataset/SecretPatch-master/projects/libgit2/CVE-2018-10888_git_delta_apply_O3_sub/CMakeFiles/CMakeTmp'
Makefile:121: recipe for target 'cmTC_2995f/fast' failed
make: *** [cmTC_2995f/fast] Error 2

File /share-data/vulDataset/SecretPatch-master/projects/libgit2/CVE-2018-10888_git_delta_apply_O3_sub/CMakeFiles/CMakeTmp/CheckSymbolExists.c:
/* */
#include <regex.h>
#include <xlocale.h>

int main(int argc, char** argv)
{
  (void)argv;
#ifndef regcomp_l
  return ((int*)(&regcomp_l))[argc];
#else
  (void)argc;
  return 0;
#endif
}

Determining if the function qsort_s exists failed with the following output:
Change Dir: /share-data/vulDataset/SecretPatch-master/projects/libgit2/CVE-2018-10888_git_delta_apply_O3_sub/CMakeFiles/CMakeTmp

Run Build Command:"/usr/bin/make" "cmTC_04f80/fast"
/usr/bin/make -f CMakeFiles/cmTC_04f80.dir/build.make CMakeFiles/cmTC_04f80.dir/build
make[1]: Entering directory '/share-data/vulDataset/SecretPatch-master/projects/libgit2/CVE-2018-10888_git_delta_apply_O3_sub/CMakeFiles/CMakeTmp'
Building C object CMakeFiles/cmTC_04f80.dir/CheckFunctionExists.c.o
/share-data/obfuscator-llvm-4.0/build/bin/clang   -D_GNU_SOURCE -O3 -fno-inline-functions -mllvm -sub -Wall -Wextra -fvisibility=hidden -fPIC -Wdocumentation -Wno-missing-field-initializers -Wstrict-aliasing -Wstrict-prototypes -Wdeclaration-after-statement -Wshift-count-overflow -Wno-unused-const-variable -Wno-unused-function -DCHECK_FUNCTION_EXISTS=qsort_s   -o CMakeFiles/cmTC_04f80.dir/CheckFunctionExists.c.o   -c /opt/cmake-3.13.4/share/cmake-3.13/Modules/CheckFunctionExists.c
Linking C executable cmTC_04f80
/opt/cmake-3.13.4/bin/cmake -E cmake_link_script CMakeFiles/cmTC_04f80.dir/link.txt --verbose=1
/share-data/obfuscator-llvm-4.0/build/bin/clang -D_GNU_SOURCE -O3 -fno-inline-functions -mllvm -sub -Wall -Wextra -fvisibility=hidden -fPIC -Wdocumentation -Wno-missing-field-initializers -Wstrict-aliasing -Wstrict-prototypes -Wdeclaration-after-statement -Wshift-count-overflow -Wno-unused-const-variable -Wno-unused-function -DCHECK_FUNCTION_EXISTS=qsort_s    -rdynamic CMakeFiles/cmTC_04f80.dir/CheckFunctionExists.c.o  -o cmTC_04f80 
clang-4.0: warning: argument unused during compilation: '-mllvm -sub' [-Wunused-command-line-argument]
CMakeFiles/cmTC_04f80.dir/CheckFunctionExists.c.o: In function `main':
/opt/cmake-3.13.4/share/cmake-3.13/Modules/CheckFunctionExists.c:(.text+0x9): undefined reference to `qsort_s'
clang-4.0: error: linker command failed with exit code 1 (use -v to see invocation)
CMakeFiles/cmTC_04f80.dir/build.make:86: recipe for target 'cmTC_04f80' failed
make[1]: *** [cmTC_04f80] Error 1
make[1]: Leaving directory '/share-data/vulDataset/SecretPatch-master/projects/libgit2/CVE-2018-10888_git_delta_apply_O3_sub/CMakeFiles/CMakeTmp'
Makefile:121: recipe for target 'cmTC_04f80/fast' failed
make: *** [cmTC_04f80/fast] Error 2


