Determining if the _aligned_malloc exist failed with the following output:
Change Dir: /share-data/vulDataset/SecretPatch-master/projects/openjpeg/CVE-2017-14151_opj_tcd_code_block_enc_allocate_data_O3_sub/CMakeFiles/CMakeTmp

Run Build Command:"/usr/bin/make" "cmTC_7513e/fast"
/usr/bin/make -f CMakeFiles/cmTC_7513e.dir/build.make CMakeFiles/cmTC_7513e.dir/build
make[1]: Entering directory '/share-data/vulDataset/SecretPatch-master/projects/openjpeg/CVE-2017-14151_opj_tcd_code_block_enc_allocate_data_O3_sub/CMakeFiles/CMakeTmp'
Building C object CMakeFiles/cmTC_7513e.dir/CheckSymbolExists.c.o
/share-data/obfuscator-llvm-4.0/build/bin/clang   -O3 -fno-inline-functions -mllvm -sub    -o CMakeFiles/cmTC_7513e.dir/CheckSymbolExists.c.o   -c /share-data/vulDataset/SecretPatch-master/projects/openjpeg/CVE-2017-14151_opj_tcd_code_block_enc_allocate_data_O3_sub/CMakeFiles/CMakeTmp/CheckSymbolExists.c
/share-data/vulDataset/SecretPatch-master/projects/openjpeg/CVE-2017-14151_opj_tcd_code_block_enc_allocate_data_O3_sub/CMakeFiles/CMakeTmp/CheckSymbolExists.c:8:19: error: use of undeclared identifier '_aligned_malloc'
  return ((int*)(&_aligned_malloc))[argc];
                  ^
1 error generated.
CMakeFiles/cmTC_7513e.dir/build.make:65: recipe for target 'CMakeFiles/cmTC_7513e.dir/CheckSymbolExists.c.o' failed
make[1]: *** [CMakeFiles/cmTC_7513e.dir/CheckSymbolExists.c.o] Error 1
make[1]: Leaving directory '/share-data/vulDataset/SecretPatch-master/projects/openjpeg/CVE-2017-14151_opj_tcd_code_block_enc_allocate_data_O3_sub/CMakeFiles/CMakeTmp'
Makefile:126: recipe for target 'cmTC_7513e/fast' failed
make: *** [cmTC_7513e/fast] Error 2

File /share-data/vulDataset/SecretPatch-master/projects/openjpeg/CVE-2017-14151_opj_tcd_code_block_enc_allocate_data_O3_sub/CMakeFiles/CMakeTmp/CheckSymbolExists.c:
/* */
#include <malloc.h>

int main(int argc, char** argv)
{
  (void)argv;
#ifndef _aligned_malloc
  return ((int*)(&_aligned_malloc))[argc];
#else
  (void)argc;
  return 0;
#endif
}

Determining if the pthread_create exist failed with the following output:
Change Dir: /share-data/vulDataset/SecretPatch-master/projects/openjpeg/CVE-2017-14151_opj_tcd_code_block_enc_allocate_data_O3_sub/CMakeFiles/CMakeTmp

Run Build Command:"/usr/bin/make" "cmTC_0a1a9/fast"
/usr/bin/make -f CMakeFiles/cmTC_0a1a9.dir/build.make CMakeFiles/cmTC_0a1a9.dir/build
make[1]: Entering directory '/share-data/vulDataset/SecretPatch-master/projects/openjpeg/CVE-2017-14151_opj_tcd_code_block_enc_allocate_data_O3_sub/CMakeFiles/CMakeTmp'
Building C object CMakeFiles/cmTC_0a1a9.dir/CheckSymbolExists.c.o
/share-data/obfuscator-llvm-4.0/build/bin/clang   -O3 -fno-inline-functions -mllvm -sub    -o CMakeFiles/cmTC_0a1a9.dir/CheckSymbolExists.c.o   -c /share-data/vulDataset/SecretPatch-master/projects/openjpeg/CVE-2017-14151_opj_tcd_code_block_enc_allocate_data_O3_sub/CMakeFiles/CMakeTmp/CheckSymbolExists.c
Linking C executable cmTC_0a1a9
/usr/bin/cmake -E cmake_link_script CMakeFiles/cmTC_0a1a9.dir/link.txt --verbose=1
/share-data/obfuscator-llvm-4.0/build/bin/clang -O3 -fno-inline-functions -mllvm -sub     -rdynamic CMakeFiles/cmTC_0a1a9.dir/CheckSymbolExists.c.o  -o cmTC_0a1a9 
clang-4.0: warning: argument unused during compilation: '-mllvm -sub' [-Wunused-command-line-argument]
CMakeFiles/cmTC_0a1a9.dir/CheckSymbolExists.c.o: In function `main':
/share-data/vulDataset/SecretPatch-master/projects/openjpeg/CVE-2017-14151_opj_tcd_code_block_enc_allocate_data_O3_sub/CMakeFiles/CMakeTmp/CheckSymbolExists.c:(.text+0x6): undefined reference to `pthread_create'
clang-4.0: error: linker command failed with exit code 1 (use -v to see invocation)
CMakeFiles/cmTC_0a1a9.dir/build.make:97: recipe for target 'cmTC_0a1a9' failed
make[1]: *** [cmTC_0a1a9] Error 1
make[1]: Leaving directory '/share-data/vulDataset/SecretPatch-master/projects/openjpeg/CVE-2017-14151_opj_tcd_code_block_enc_allocate_data_O3_sub/CMakeFiles/CMakeTmp'
Makefile:126: recipe for target 'cmTC_0a1a9/fast' failed
make: *** [cmTC_0a1a9/fast] Error 2

File /share-data/vulDataset/SecretPatch-master/projects/openjpeg/CVE-2017-14151_opj_tcd_code_block_enc_allocate_data_O3_sub/CMakeFiles/CMakeTmp/CheckSymbolExists.c:
/* */
#include <pthread.h>

int main(int argc, char** argv)
{
  (void)argv;
#ifndef pthread_create
  return ((int*)(&pthread_create))[argc];
#else
  (void)argc;
  return 0;
#endif
}

Determining if the function pthread_create exists in the pthreads failed with the following output:
Change Dir: /share-data/vulDataset/SecretPatch-master/projects/openjpeg/CVE-2017-14151_opj_tcd_code_block_enc_allocate_data_O3_sub/CMakeFiles/CMakeTmp

Run Build Command:"/usr/bin/make" "cmTC_a5a5a/fast"
/usr/bin/make -f CMakeFiles/cmTC_a5a5a.dir/build.make CMakeFiles/cmTC_a5a5a.dir/build
make[1]: Entering directory '/share-data/vulDataset/SecretPatch-master/projects/openjpeg/CVE-2017-14151_opj_tcd_code_block_enc_allocate_data_O3_sub/CMakeFiles/CMakeTmp'
Building C object CMakeFiles/cmTC_a5a5a.dir/CheckFunctionExists.c.o
/share-data/obfuscator-llvm-4.0/build/bin/clang   -O3 -fno-inline-functions -mllvm -sub -DCHECK_FUNCTION_EXISTS=pthread_create   -o CMakeFiles/cmTC_a5a5a.dir/CheckFunctionExists.c.o   -c /usr/share/cmake-3.10/Modules/CheckFunctionExists.c
Linking C executable cmTC_a5a5a
/usr/bin/cmake -E cmake_link_script CMakeFiles/cmTC_a5a5a.dir/link.txt --verbose=1
/share-data/obfuscator-llvm-4.0/build/bin/clang -O3 -fno-inline-functions -mllvm -sub -DCHECK_FUNCTION_EXISTS=pthread_create    -rdynamic CMakeFiles/cmTC_a5a5a.dir/CheckFunctionExists.c.o  -o cmTC_a5a5a -lpthreads 
clang-4.0: warning: argument unused during compilation: '-mllvm -sub' [-Wunused-command-line-argument]
/usr/bin/ld: cannot find -lpthreads
clang-4.0: error: linker command failed with exit code 1 (use -v to see invocation)
CMakeFiles/cmTC_a5a5a.dir/build.make:97: recipe for target 'cmTC_a5a5a' failed
make[1]: *** [cmTC_a5a5a] Error 1
make[1]: Leaving directory '/share-data/vulDataset/SecretPatch-master/projects/openjpeg/CVE-2017-14151_opj_tcd_code_block_enc_allocate_data_O3_sub/CMakeFiles/CMakeTmp'
Makefile:126: recipe for target 'cmTC_a5a5a/fast' failed
make: *** [cmTC_a5a5a/fast] Error 2


