Determining if the _aligned_malloc exist failed with the following output:
Change Dir: /share-data/vulDataset/SecretPatch-master/projects/openjpeg/CVE-2017-14151_opj_tcd_code_block_enc_allocate_data_O3_bcf/CMakeFiles/CMakeTmp

Run Build Command:"/usr/bin/make" "cmTC_3fcab/fast"
/usr/bin/make -f CMakeFiles/cmTC_3fcab.dir/build.make CMakeFiles/cmTC_3fcab.dir/build
make[1]: Entering directory '/share-data/vulDataset/SecretPatch-master/projects/openjpeg/CVE-2017-14151_opj_tcd_code_block_enc_allocate_data_O3_bcf/CMakeFiles/CMakeTmp'
Building C object CMakeFiles/cmTC_3fcab.dir/CheckSymbolExists.c.o
/share-data/obfuscator-llvm-4.0/build/bin/clang   -O3 -fno-inline-functions -mllvm -bcf    -o CMakeFiles/cmTC_3fcab.dir/CheckSymbolExists.c.o   -c /share-data/vulDataset/SecretPatch-master/projects/openjpeg/CVE-2017-14151_opj_tcd_code_block_enc_allocate_data_O3_bcf/CMakeFiles/CMakeTmp/CheckSymbolExists.c
/share-data/vulDataset/SecretPatch-master/projects/openjpeg/CVE-2017-14151_opj_tcd_code_block_enc_allocate_data_O3_bcf/CMakeFiles/CMakeTmp/CheckSymbolExists.c:8:19: error: use of undeclared identifier '_aligned_malloc'
  return ((int*)(&_aligned_malloc))[argc];
                  ^
1 error generated.
CMakeFiles/cmTC_3fcab.dir/build.make:65: recipe for target 'CMakeFiles/cmTC_3fcab.dir/CheckSymbolExists.c.o' failed
make[1]: *** [CMakeFiles/cmTC_3fcab.dir/CheckSymbolExists.c.o] Error 1
make[1]: Leaving directory '/share-data/vulDataset/SecretPatch-master/projects/openjpeg/CVE-2017-14151_opj_tcd_code_block_enc_allocate_data_O3_bcf/CMakeFiles/CMakeTmp'
Makefile:126: recipe for target 'cmTC_3fcab/fast' failed
make: *** [cmTC_3fcab/fast] Error 2

File /share-data/vulDataset/SecretPatch-master/projects/openjpeg/CVE-2017-14151_opj_tcd_code_block_enc_allocate_data_O3_bcf/CMakeFiles/CMakeTmp/CheckSymbolExists.c:
/* */
#include <malloc.h>

int main(int argc, char** argv)
{
  (void)argv;
#ifndef _aligned_malloc
  return ((int*)(&_aligned_malloc))[argc];
#else
  (void)argc;
  return 0;
#endif
}

Determining if the pthread_create exist failed with the following output:
Change Dir: /share-data/vulDataset/SecretPatch-master/projects/openjpeg/CVE-2017-14151_opj_tcd_code_block_enc_allocate_data_O3_bcf/CMakeFiles/CMakeTmp

Run Build Command:"/usr/bin/make" "cmTC_b4f5b/fast"
/usr/bin/make -f CMakeFiles/cmTC_b4f5b.dir/build.make CMakeFiles/cmTC_b4f5b.dir/build
make[1]: Entering directory '/share-data/vulDataset/SecretPatch-master/projects/openjpeg/CVE-2017-14151_opj_tcd_code_block_enc_allocate_data_O3_bcf/CMakeFiles/CMakeTmp'
Building C object CMakeFiles/cmTC_b4f5b.dir/CheckSymbolExists.c.o
/share-data/obfuscator-llvm-4.0/build/bin/clang   -O3 -fno-inline-functions -mllvm -bcf    -o CMakeFiles/cmTC_b4f5b.dir/CheckSymbolExists.c.o   -c /share-data/vulDataset/SecretPatch-master/projects/openjpeg/CVE-2017-14151_opj_tcd_code_block_enc_allocate_data_O3_bcf/CMakeFiles/CMakeTmp/CheckSymbolExists.c
Linking C executable cmTC_b4f5b
/usr/bin/cmake -E cmake_link_script CMakeFiles/cmTC_b4f5b.dir/link.txt --verbose=1
/share-data/obfuscator-llvm-4.0/build/bin/clang -O3 -fno-inline-functions -mllvm -bcf     -rdynamic CMakeFiles/cmTC_b4f5b.dir/CheckSymbolExists.c.o  -o cmTC_b4f5b 
clang-4.0: warning: argument unused during compilation: '-mllvm -bcf' [-Wunused-command-line-argument]
CMakeFiles/cmTC_b4f5b.dir/CheckSymbolExists.c.o: In function `main':
/share-data/vulDataset/SecretPatch-master/projects/openjpeg/CVE-2017-14151_opj_tcd_code_block_enc_allocate_data_O3_bcf/CMakeFiles/CMakeTmp/CheckSymbolExists.c:(.text+0x6): undefined reference to `pthread_create'
clang-4.0: error: linker command failed with exit code 1 (use -v to see invocation)
CMakeFiles/cmTC_b4f5b.dir/build.make:97: recipe for target 'cmTC_b4f5b' failed
make[1]: *** [cmTC_b4f5b] Error 1
make[1]: Leaving directory '/share-data/vulDataset/SecretPatch-master/projects/openjpeg/CVE-2017-14151_opj_tcd_code_block_enc_allocate_data_O3_bcf/CMakeFiles/CMakeTmp'
Makefile:126: recipe for target 'cmTC_b4f5b/fast' failed
make: *** [cmTC_b4f5b/fast] Error 2

File /share-data/vulDataset/SecretPatch-master/projects/openjpeg/CVE-2017-14151_opj_tcd_code_block_enc_allocate_data_O3_bcf/CMakeFiles/CMakeTmp/CheckSymbolExists.c:
/* */
#include <pthread.h>

int main(int argc, char** argv)
{
  (void)argv;
#ifndef pthread_create
  return ((int*)(&pthread_create))[argc];
#else
  (void)argc;
  return 0;
#endif
}

Determining if the function pthread_create exists in the pthreads failed with the following output:
Change Dir: /share-data/vulDataset/SecretPatch-master/projects/openjpeg/CVE-2017-14151_opj_tcd_code_block_enc_allocate_data_O3_bcf/CMakeFiles/CMakeTmp

Run Build Command:"/usr/bin/make" "cmTC_dcf39/fast"
/usr/bin/make -f CMakeFiles/cmTC_dcf39.dir/build.make CMakeFiles/cmTC_dcf39.dir/build
make[1]: Entering directory '/share-data/vulDataset/SecretPatch-master/projects/openjpeg/CVE-2017-14151_opj_tcd_code_block_enc_allocate_data_O3_bcf/CMakeFiles/CMakeTmp'
Building C object CMakeFiles/cmTC_dcf39.dir/CheckFunctionExists.c.o
/share-data/obfuscator-llvm-4.0/build/bin/clang   -O3 -fno-inline-functions -mllvm -bcf -DCHECK_FUNCTION_EXISTS=pthread_create   -o CMakeFiles/cmTC_dcf39.dir/CheckFunctionExists.c.o   -c /usr/share/cmake-3.10/Modules/CheckFunctionExists.c
Linking C executable cmTC_dcf39
/usr/bin/cmake -E cmake_link_script CMakeFiles/cmTC_dcf39.dir/link.txt --verbose=1
/share-data/obfuscator-llvm-4.0/build/bin/clang -O3 -fno-inline-functions -mllvm -bcf -DCHECK_FUNCTION_EXISTS=pthread_create    -rdynamic CMakeFiles/cmTC_dcf39.dir/CheckFunctionExists.c.o  -o cmTC_dcf39 -lpthreads 
clang-4.0: warning: argument unused during compilation: '-mllvm -bcf' [-Wunused-command-line-argument]
/usr/bin/ld: cannot find -lpthreads
clang-4.0: error: linker command failed with exit code 1 (use -v to see invocation)
CMakeFiles/cmTC_dcf39.dir/build.make:97: recipe for target 'cmTC_dcf39' failed
make[1]: *** [cmTC_dcf39] Error 1
make[1]: Leaving directory '/share-data/vulDataset/SecretPatch-master/projects/openjpeg/CVE-2017-14151_opj_tcd_code_block_enc_allocate_data_O3_bcf/CMakeFiles/CMakeTmp'
Makefile:126: recipe for target 'cmTC_dcf39/fast' failed
make: *** [cmTC_dcf39/fast] Error 2


